TN:
SF:app.js
FN:25,sendOverWrite
FNF:1
FNH:1
FNDA:54,sendOverWrite
DA:1,1
DA:2,1
DA:3,1
DA:4,1
DA:5,1
DA:6,1
DA:7,1
DA:8,1
DA:9,1
DA:10,1
DA:11,1
DA:12,1
DA:13,1
DA:14,1
DA:15,1
DA:16,1
DA:17,1
DA:18,1
DA:19,1
DA:20,1
DA:21,1
DA:22,1
DA:23,1
DA:24,1
DA:25,1
DA:26,54
DA:27,54
DA:28,54
DA:29,1
DA:30,1
DA:31,53
DA:32,53
DA:33,17
DA:34,17
DA:35,17
DA:36,17
DA:37,53
DA:38,1
DA:39,1
DA:40,1
DA:41,1
DA:42,1
DA:43,1
DA:44,1
DA:45,1
DA:46,1
DA:47,1
DA:48,1
DA:49,1
DA:50,1
DA:51,1
DA:52,1
DA:53,1
DA:54,1
DA:55,1
DA:56,1
DA:57,1
DA:58,1
DA:59,1
DA:60,1
LF:60
LH:60
BRDA:25,0,0,54
BRDA:30,1,0,53
BRDA:32,2,0,36
BRDA:32,3,0,17
BRF:4
BRH:4
end_of_record
TN:
SF:passport-config.js
FNF:0
FNH:0
DA:1,1
DA:2,1
DA:3,1
DA:4,1
DA:5,1
DA:6,1
DA:7,1
DA:8,1
DA:9,1
DA:10,0
DA:11,0
DA:12,0
DA:13,0
DA:14,0
DA:15,0
DA:16,0
DA:17,0
DA:18,0
DA:19,0
DA:20,0
DA:21,0
DA:22,0
DA:23,0
DA:24,1
DA:25,1
DA:26,1
DA:27,0
DA:28,0
DA:29,1
DA:30,1
DA:31,0
DA:32,0
DA:33,0
DA:34,0
LF:34
LH:14
BRF:0
BRH:0
end_of_record
TN:
SF:controllers\auth_api.js
FN:9,register
FN:40,login
FNF:2
FNH:2
FNDA:8,register
FNDA:6,login
DA:1,1
DA:2,1
DA:3,1
DA:4,1
DA:5,1
DA:6,1
DA:7,1
DA:8,1
DA:9,1
DA:10,8
DA:11,8
DA:12,7
DA:13,7
DA:14,7
DA:15,7
DA:16,7
DA:17,7
DA:18,7
DA:19,7
DA:20,7
DA:21,7
DA:22,7
DA:23,7
DA:24,7
DA:25,7
DA:26,7
DA:27,7
DA:28,7
DA:29,7
DA:30,7
DA:31,7
DA:32,7
DA:33,7
DA:34,7
DA:35,7
DA:36,1
DA:37,1
DA:38,8
DA:39,8
DA:40,1
DA:41,6
DA:42,6
DA:43,6
DA:44,6
DA:45,6
DA:46,6
DA:47,6
DA:48,1
DA:49,1
DA:50,6
DA:51,6
DA:52,6
DA:53,6
DA:54,6
DA:55,6
DA:56,6
DA:57,6
DA:58,2
DA:59,2
DA:60,2
DA:61,2
DA:62,2
DA:63,2
DA:64,2
DA:65,2
DA:66,2
DA:67,2
DA:68,2
DA:69,2
DA:70,2
DA:71,6
DA:72,1
DA:73,1
DA:74,6
DA:75,6
DA:76,1
LF:76
LH:76
BRDA:9,0,0,8
BRDA:23,1,0,0
BRDA:11,2,0,7
BRDA:35,3,0,1
BRDA:40,4,0,6
BRDA:47,5,0,5
BRDA:47,6,0,1
BRDA:57,7,0,5
BRDA:57,8,0,4
BRDA:57,9,0,2
BRDA:71,10,0,1
BRF:11
BRH:10
end_of_record
TN:
SF:controllers\auth_views.js
FN:9,registerPage
FN:12,registerViews
FNF:2
FNH:0
FNDA:0,registerPage
FNDA:0,registerViews
DA:1,1
DA:2,1
DA:3,1
DA:4,1
DA:5,1
DA:6,1
DA:7,1
DA:8,1
DA:9,1
DA:10,0
DA:11,0
DA:12,1
DA:13,0
DA:14,0
DA:15,0
DA:16,0
DA:17,0
DA:18,0
DA:19,0
DA:20,0
DA:21,0
DA:22,0
DA:23,0
DA:24,0
DA:25,0
DA:26,0
DA:27,0
DA:28,1
LF:28
LH:11
BRF:0
BRH:0
end_of_record
TN:
SF:controllers\error.js
FN:4,errorPage
FNF:1
FNH:0
FNDA:0,errorPage
DA:1,1
DA:2,1
DA:3,1
DA:4,1
DA:5,0
DA:6,0
DA:7,1
LF:7
LH:5
BRF:0
BRH:0
end_of_record
TN:
SF:controllers\user_game_api.js
FN:11,getAllUserGameApi
FN:24,getUserGameByIdApi
FN:41,getUserGameByLoggedInUserApi
FN:54,createUserGameApi
FN:76,updateUserGameApi
FN:126,deleteUserGameApi
FNF:6
FNH:5
FNDA:1,getAllUserGameApi
FNDA:2,getUserGameByIdApi
FNDA:0,getUserGameByLoggedInUserApi
FNDA:2,createUserGameApi
FNDA:1,updateUserGameApi
FNDA:2,deleteUserGameApi
DA:1,1
DA:2,1
DA:3,1
DA:4,1
DA:5,1
DA:6,1
DA:7,1
DA:8,1
DA:9,1
DA:10,1
DA:11,1
DA:12,1
DA:13,1
DA:14,1
DA:15,0
DA:16,0
DA:17,0
DA:18,0
DA:19,1
DA:20,1
DA:21,0
DA:22,0
DA:23,1
DA:24,1
DA:25,2
DA:26,2
DA:27,2
DA:28,2
DA:29,2
DA:30,2
DA:31,2
DA:32,1
DA:33,1
DA:34,1
DA:35,1
DA:36,2
DA:37,2
DA:38,0
DA:39,0
DA:40,2
DA:41,1
DA:42,0
DA:43,0
DA:44,0
DA:45,0
DA:46,0
DA:47,0
DA:48,0
DA:49,0
DA:50,0
DA:51,0
DA:52,0
DA:53,0
DA:54,1
DA:55,2
DA:56,2
DA:57,2
DA:58,2
DA:59,2
DA:60,1
DA:61,1
DA:62,1
DA:63,1
DA:64,1
DA:65,1
DA:66,1
DA:67,1
DA:68,1
DA:69,1
DA:70,1
DA:71,1
DA:72,1
DA:73,1
DA:74,1
DA:75,2
DA:76,1
DA:77,1
DA:78,1
DA:79,1
DA:80,1
DA:81,1
DA:82,1
DA:83,1
DA:84,1
DA:85,1
DA:86,0
DA:87,0
DA:88,0
DA:89,0
DA:90,0
DA:91,0
DA:92,0
DA:93,0
DA:94,0
DA:95,0
DA:96,0
DA:97,0
DA:98,1
DA:99,1
DA:100,1
DA:101,1
DA:102,1
DA:103,1
DA:104,1
DA:105,1
DA:106,1
DA:107,1
DA:108,1
DA:109,1
DA:110,1
DA:111,1
DA:112,1
DA:113,1
DA:114,0
DA:115,0
DA:116,0
DA:117,0
DA:118,1
DA:119,1
DA:120,1
DA:121,1
DA:122,1
DA:123,0
DA:124,0
DA:125,1
DA:126,1
DA:127,2
DA:128,2
DA:129,2
DA:130,2
DA:131,2
DA:132,2
DA:133,2
DA:134,1
DA:135,0
DA:136,0
DA:137,0
DA:138,0
DA:139,0
DA:140,0
DA:141,0
DA:142,0
DA:143,0
DA:144,0
DA:145,0
DA:146,1
DA:147,2
DA:148,2
DA:149,2
DA:150,2
DA:151,2
DA:152,2
DA:153,2
DA:154,1
DA:155,1
DA:156,1
DA:157,1
DA:158,1
DA:159,1
DA:160,1
DA:161,2
DA:162,2
DA:163,0
DA:164,0
DA:165,2
DA:166,1
LF:166
LH:115
BRDA:11,0,0,1
BRDA:13,1,0,1
BRDA:14,2,0,0
BRDA:24,3,0,2
BRDA:30,4,0,2
BRDA:31,5,0,1
BRDA:54,6,0,2
BRDA:63,7,0,0
BRDA:59,8,0,1
BRDA:76,9,0,1
BRDA:85,10,0,0
BRDA:103,11,0,0
BRDA:112,12,0,1
BRDA:113,13,0,0
BRDA:126,14,0,2
BRDA:133,15,0,1
BRDA:134,16,0,0
BRDA:152,17,0,2
BRDA:153,18,0,1
BRF:19
BRH:13
end_of_record
TN:
SF:controllers\user_game_biodata_api.js
FN:7,getAllUserGameBiodataApi
FN:23,getUserGameBiodataByLoggedInUserApi
FN:38,getUserGameBiodataByIdApi
FN:57,createUserGameBiodataApi
FN:73,updateUserGameBiodataApi
FN:103,deleteUserGameBiodataApi
FNF:6
FNH:5
FNDA:1,getAllUserGameBiodataApi
FNDA:0,getUserGameBiodataByLoggedInUserApi
FNDA:2,getUserGameBiodataByIdApi
FNDA:2,createUserGameBiodataApi
FNDA:1,updateUserGameBiodataApi
FNDA:2,deleteUserGameBiodataApi
DA:1,1
DA:2,1
DA:3,1
DA:4,1
DA:5,1
DA:6,1
DA:7,1
DA:8,1
DA:9,1
DA:10,1
DA:11,1
DA:12,1
DA:13,1
DA:14,0
DA:15,0
DA:16,0
DA:17,0
DA:18,1
DA:19,1
DA:20,0
DA:21,0
DA:22,1
DA:23,1
DA:24,0
DA:25,0
DA:26,0
DA:27,0
DA:28,0
DA:29,0
DA:30,0
DA:31,0
DA:32,0
DA:33,0
DA:34,0
DA:35,0
DA:36,0
DA:37,0
DA:38,1
DA:39,2
DA:40,2
DA:41,2
DA:42,2
DA:43,2
DA:44,2
DA:45,2
DA:46,2
DA:47,2
DA:48,1
DA:49,1
DA:50,1
DA:51,1
DA:52,2
DA:53,2
DA:54,0
DA:55,0
DA:56,2
DA:57,1
DA:58,2
DA:59,2
DA:60,2
DA:61,2
DA:62,2
DA:63,2
DA:64,2
DA:65,2
DA:66,2
DA:67,1
DA:68,1
DA:69,2
DA:70,1
DA:71,1
DA:72,2
DA:73,1
DA:74,1
DA:75,1
DA:76,1
DA:77,1
DA:78,1
DA:79,1
DA:80,1
DA:81,1
DA:82,1
DA:83,1
DA:84,1
DA:85,1
DA:86,1
DA:87,1
DA:88,1
DA:89,1
DA:90,1
DA:91,0
DA:92,0
DA:93,0
DA:94,0
DA:95,1
DA:96,1
DA:97,1
DA:98,1
DA:99,1
DA:100,0
DA:101,0
DA:102,1
DA:103,1
DA:104,2
DA:105,2
DA:106,2
DA:107,2
DA:108,2
DA:109,2
DA:110,2
DA:111,1
DA:112,1
DA:113,1
DA:114,1
DA:115,1
DA:116,1
DA:117,1
DA:118,2
DA:119,2
DA:120,0
DA:121,0
DA:122,2
DA:123,1
LF:123
LH:93
BRDA:7,0,0,1
BRDA:12,1,0,1
BRDA:13,2,0,0
BRDA:38,3,0,2
BRDA:46,4,0,2
BRDA:47,5,0,1
BRDA:57,6,0,2
BRDA:66,7,0,1
BRDA:69,8,0,1
BRDA:73,9,0,1
BRDA:89,10,0,1
BRDA:90,11,0,0
BRDA:103,12,0,2
BRDA:109,13,0,2
BRDA:110,14,0,1
BRF:15
BRH:13
end_of_record
TN:
SF:controllers\user_game_biodata_views.js
FN:7,getAllUserGameBiodataViews
FN:26,getUserGameBiodataByUserLoggedinViews
FN:48,getUserGameBiodataByIdViews
FN:70,createUserGameBiodataFormUserRoleViews
FN:73,createUserGameBiodataUserRoleViews
FN:91,createUserGameBiodataFormViews
FN:103,createUserGameBiodataViews
FN:121,updateUserGameBiodataViews
FN:154,deleteUserGameBiodataViews
FNF:9
FNH:0
FNDA:0,getAllUserGameBiodataViews
FNDA:0,getUserGameBiodataByUserLoggedinViews
FNDA:0,getUserGameBiodataByIdViews
FNDA:0,createUserGameBiodataFormUserRoleViews
FNDA:0,createUserGameBiodataUserRoleViews
FNDA:0,createUserGameBiodataFormViews
FNDA:0,createUserGameBiodataViews
FNDA:0,updateUserGameBiodataViews
FNDA:0,deleteUserGameBiodataViews
DA:1,1
DA:2,1
DA:3,1
DA:4,1
DA:5,1
DA:6,1
DA:7,1
DA:8,0
DA:9,0
DA:10,0
DA:11,0
DA:12,0
DA:13,0
DA:14,0
DA:15,0
DA:16,0
DA:17,0
DA:18,0
DA:19,0
DA:20,0
DA:21,0
DA:22,0
DA:23,0
DA:24,0
DA:25,0
DA:26,1
DA:27,0
DA:28,0
DA:29,0
DA:30,0
DA:31,0
DA:32,0
DA:33,0
DA:34,0
DA:35,0
DA:36,0
DA:37,0
DA:38,0
DA:39,0
DA:40,0
DA:41,0
DA:42,0
DA:43,0
DA:44,0
DA:45,0
DA:46,0
DA:47,0
DA:48,1
DA:49,0
DA:50,0
DA:51,0
DA:52,0
DA:53,0
DA:54,0
DA:55,0
DA:56,0
DA:57,0
DA:58,0
DA:59,0
DA:60,0
DA:61,0
DA:62,0
DA:63,0
DA:64,0
DA:65,0
DA:66,0
DA:67,0
DA:68,0
DA:69,0
DA:70,1
DA:71,0
DA:72,0
DA:73,1
DA:74,0
DA:75,0
DA:76,0
DA:77,0
DA:78,0
DA:79,0
DA:80,0
DA:81,0
DA:82,0
DA:83,0
DA:84,0
DA:85,0
DA:86,0
DA:87,0
DA:88,0
DA:89,0
DA:90,0
DA:91,1
DA:92,0
DA:93,0
DA:94,0
DA:95,0
DA:96,0
DA:97,0
DA:98,0
DA:99,0
DA:100,0
DA:101,0
DA:102,0
DA:103,1
DA:104,0
DA:105,0
DA:106,0
DA:107,0
DA:108,0
DA:109,0
DA:110,0
DA:111,0
DA:112,0
DA:113,0
DA:114,0
DA:115,0
DA:116,0
DA:117,0
DA:118,0
DA:119,0
DA:120,0
DA:121,1
DA:122,0
DA:123,0
DA:124,0
DA:125,0
DA:126,0
DA:127,0
DA:128,0
DA:129,0
DA:130,0
DA:131,0
DA:132,0
DA:133,0
DA:134,0
DA:135,0
DA:136,0
DA:137,0
DA:138,0
DA:139,0
DA:140,0
DA:141,0
DA:142,0
DA:143,0
DA:144,0
DA:145,0
DA:146,0
DA:147,0
DA:148,0
DA:149,0
DA:150,0
DA:151,0
DA:152,0
DA:153,0
DA:154,1
DA:155,0
DA:156,0
DA:157,0
DA:158,0
DA:159,0
DA:160,0
DA:161,0
DA:162,0
DA:163,0
DA:164,0
DA:165,0
DA:166,0
DA:167,0
DA:168,0
DA:169,0
DA:170,0
DA:171,0
DA:172,0
DA:173,0
DA:174,0
DA:175,0
DA:176,0
DA:177,1
LF:177
LH:16
BRF:0
BRH:0
end_of_record
TN:
SF:controllers\user_game_history_api.js
FN:9,getAllUserGameHistoryApi
FN:25,getUserGameHistoryByIdApi
FN:43,getUserGameHistoryByLoggedInUserApi
FN:56,createUserGameHistoryApi
FN:70,deleteUserGameHistoryByHistoryIdApi
FN:107,deleteUserGameHistoryByUserGameIdApi
FNF:6
FNH:5
FNDA:1,getAllUserGameHistoryApi
FNDA:2,getUserGameHistoryByIdApi
FNDA:0,getUserGameHistoryByLoggedInUserApi
FNDA:1,createUserGameHistoryApi
FNDA:2,deleteUserGameHistoryByHistoryIdApi
FNDA:2,deleteUserGameHistoryByUserGameIdApi
DA:1,1
DA:2,1
DA:3,1
DA:4,1
DA:5,1
DA:6,1
DA:7,1
DA:8,1
DA:9,1
DA:10,1
DA:11,1
DA:12,1
DA:13,1
DA:14,1
DA:15,1
DA:16,0
DA:17,0
DA:18,0
DA:19,0
DA:20,1
DA:21,1
DA:22,0
DA:23,0
DA:24,1
DA:25,1
DA:26,2
DA:27,2
DA:28,2
DA:29,2
DA:30,2
DA:31,2
DA:32,2
DA:33,2
DA:34,1
DA:35,1
DA:36,1
DA:37,1
DA:38,2
DA:39,2
DA:40,0
DA:41,0
DA:42,2
DA:43,1
DA:44,0
DA:45,0
DA:46,0
DA:47,0
DA:48,0
DA:49,0
DA:50,0
DA:51,0
DA:52,0
DA:53,0
DA:54,0
DA:55,0
DA:56,1
DA:57,1
DA:58,1
DA:59,1
DA:60,1
DA:61,1
DA:62,1
DA:63,1
DA:64,1
DA:65,1
DA:66,1
DA:67,0
DA:68,0
DA:69,1
DA:70,1
DA:71,2
DA:72,2
DA:73,2
DA:74,2
DA:75,2
DA:76,2
DA:77,2
DA:78,1
DA:79,0
DA:80,0
DA:81,0
DA:82,0
DA:83,0
DA:84,0
DA:85,0
DA:86,0
DA:87,0
DA:88,0
DA:89,0
DA:90,1
DA:91,2
DA:92,2
DA:93,2
DA:94,2
DA:95,2
DA:96,2
DA:97,2
DA:98,1
DA:99,1
DA:100,1
DA:101,1
DA:102,2
DA:103,2
DA:104,0
DA:105,0
DA:106,2
DA:107,1
DA:108,2
DA:109,2
DA:110,2
DA:111,2
DA:112,2
DA:113,2
DA:114,1
DA:115,1
DA:116,0
DA:117,0
DA:118,0
DA:119,0
DA:120,0
DA:121,0
DA:122,0
DA:123,0
DA:124,0
DA:125,1
DA:126,2
DA:127,2
DA:128,2
DA:129,2
DA:130,2
DA:131,2
DA:132,2
DA:133,1
DA:134,1
DA:135,1
DA:136,1
DA:137,2
DA:138,2
DA:139,0
DA:140,0
DA:141,2
DA:142,1
LF:142
LH:96
BRDA:9,0,0,1
BRDA:14,1,0,1
BRDA:15,2,0,0
BRDA:25,3,0,2
BRDA:32,4,0,2
BRDA:33,5,0,1
BRDA:56,6,0,1
BRDA:61,7,0,0
BRDA:63,8,0,1
BRDA:70,9,0,2
BRDA:77,10,0,1
BRDA:78,11,0,0
BRDA:96,12,0,2
BRDA:97,13,0,1
BRDA:107,14,0,2
BRDA:113,15,0,1
BRDA:115,16,0,0
BRDA:131,17,0,2
BRDA:132,18,0,1
BRF:19
BRH:15
end_of_record
TN:
SF:controllers\user_game_history_views.js
FN:9,getAllUserGameHistoryViews
FN:28,getUserGameHistoryByUserLoggedinViews
FN:50,createUserGameHistoryFormViews
FN:62,createUserGameHistoryViews
FN:78,deleteUserGameHistoryByHistoryIdViews
FN:117,deleteUserGameHistoryByUserGameIdViews
FNF:6
FNH:0
FNDA:0,getAllUserGameHistoryViews
FNDA:0,getUserGameHistoryByUserLoggedinViews
FNDA:0,createUserGameHistoryFormViews
FNDA:0,createUserGameHistoryViews
FNDA:0,deleteUserGameHistoryByHistoryIdViews
FNDA:0,deleteUserGameHistoryByUserGameIdViews
DA:1,1
DA:2,1
DA:3,1
DA:4,1
DA:5,1
DA:6,1
DA:7,1
DA:8,1
DA:9,1
DA:10,0
DA:11,0
DA:12,0
DA:13,0
DA:14,0
DA:15,0
DA:16,0
DA:17,0
DA:18,0
DA:19,0
DA:20,0
DA:21,0
DA:22,0
DA:23,0
DA:24,0
DA:25,0
DA:26,0
DA:27,0
DA:28,1
DA:29,0
DA:30,0
DA:31,0
DA:32,0
DA:33,0
DA:34,0
DA:35,0
DA:36,0
DA:37,0
DA:38,0
DA:39,0
DA:40,0
DA:41,0
DA:42,0
DA:43,0
DA:44,0
DA:45,0
DA:46,0
DA:47,0
DA:48,0
DA:49,0
DA:50,1
DA:51,0
DA:52,0
DA:53,0
DA:54,0
DA:55,0
DA:56,0
DA:57,0
DA:58,0
DA:59,0
DA:60,0
DA:61,0
DA:62,1
DA:63,0
DA:64,0
DA:65,0
DA:66,0
DA:67,0
DA:68,0
DA:69,0
DA:70,0
DA:71,0
DA:72,0
DA:73,0
DA:74,0
DA:75,0
DA:76,0
DA:77,0
DA:78,1
DA:79,0
DA:80,0
DA:81,0
DA:82,0
DA:83,0
DA:84,0
DA:85,0
DA:86,0
DA:87,0
DA:88,0
DA:89,0
DA:90,0
DA:91,0
DA:92,0
DA:93,0
DA:94,0
DA:95,0
DA:96,0
DA:97,0
DA:98,0
DA:99,0
DA:100,0
DA:101,0
DA:102,0
DA:103,0
DA:104,0
DA:105,0
DA:106,0
DA:107,0
DA:108,0
DA:109,0
DA:110,0
DA:111,0
DA:112,0
DA:113,0
DA:114,0
DA:115,0
DA:116,0
DA:117,1
DA:118,0
DA:119,0
DA:120,0
DA:121,0
DA:122,0
DA:123,0
DA:124,0
DA:125,0
DA:126,0
DA:127,0
DA:128,0
DA:129,0
DA:130,0
DA:131,0
DA:132,0
DA:133,0
DA:134,0
DA:135,0
DA:136,0
DA:137,0
DA:138,0
DA:139,0
DA:140,0
DA:141,0
DA:142,0
DA:143,0
DA:144,0
DA:145,0
DA:146,0
DA:147,0
DA:148,0
DA:149,0
DA:150,0
DA:151,0
DA:152,0
DA:153,0
DA:154,0
DA:155,1
LF:155
LH:15
BRF:0
BRH:0
end_of_record
TN:
SF:controllers\user_game_views.js
FN:10,getAllUserGameViews
FN:30,getUserGameByUserLoggedinViews
FN:50,getUserGameByIdViews
FN:71,createUserGameFormViews
FN:74,createUserGameViews
FN:91,updateUserGameViews
FN:133,deleteUserGameViews
FNF:7
FNH:0
FNDA:0,getAllUserGameViews
FNDA:0,getUserGameByUserLoggedinViews
FNDA:0,getUserGameByIdViews
FNDA:0,createUserGameFormViews
FNDA:0,createUserGameViews
FNDA:0,updateUserGameViews
FNDA:0,deleteUserGameViews
DA:1,1
DA:2,1
DA:3,1
DA:4,1
DA:5,1
DA:6,1
DA:7,1
DA:8,1
DA:9,1
DA:10,1
DA:11,0
DA:12,0
DA:13,0
DA:14,0
DA:15,0
DA:16,0
DA:17,0
DA:18,0
DA:19,0
DA:20,0
DA:21,0
DA:22,0
DA:23,0
DA:24,0
DA:25,0
DA:26,0
DA:27,0
DA:28,0
DA:29,0
DA:30,1
DA:31,0
DA:32,0
DA:33,0
DA:34,0
DA:35,0
DA:36,0
DA:37,0
DA:38,0
DA:39,0
DA:40,0
DA:41,0
DA:42,0
DA:43,0
DA:44,0
DA:45,0
DA:46,0
DA:47,0
DA:48,0
DA:49,0
DA:50,1
DA:51,0
DA:52,0
DA:53,0
DA:54,0
DA:55,0
DA:56,0
DA:57,0
DA:58,0
DA:59,0
DA:60,0
DA:61,0
DA:62,0
DA:63,0
DA:64,0
DA:65,0
DA:66,0
DA:67,0
DA:68,0
DA:69,0
DA:70,0
DA:71,1
DA:72,0
DA:73,0
DA:74,1
DA:75,0
DA:76,0
DA:77,0
DA:78,0
DA:79,0
DA:80,0
DA:81,0
DA:82,0
DA:83,0
DA:84,0
DA:85,0
DA:86,0
DA:87,0
DA:88,0
DA:89,0
DA:90,0
DA:91,1
DA:92,0
DA:93,0
DA:94,0
DA:95,0
DA:96,0
DA:97,0
DA:98,0
DA:99,0
DA:100,0
DA:101,0
DA:102,0
DA:103,0
DA:104,0
DA:105,0
DA:106,0
DA:107,0
DA:108,0
DA:109,0
DA:110,0
DA:111,0
DA:112,0
DA:113,0
DA:114,0
DA:115,0
DA:116,0
DA:117,0
DA:118,0
DA:119,0
DA:120,0
DA:121,0
DA:122,0
DA:123,0
DA:124,0
DA:125,0
DA:126,0
DA:127,0
DA:128,0
DA:129,0
DA:130,0
DA:131,0
DA:132,0
DA:133,1
DA:134,0
DA:135,0
DA:136,0
DA:137,0
DA:138,0
DA:139,0
DA:140,0
DA:141,0
DA:142,0
DA:143,0
DA:144,0
DA:145,0
DA:146,0
DA:147,0
DA:148,0
DA:149,0
DA:150,0
DA:151,0
DA:152,0
DA:153,0
DA:154,0
DA:155,0
DA:156,0
DA:157,0
DA:158,0
DA:159,0
DA:160,0
DA:161,0
DA:162,0
DA:163,0
DA:164,0
DA:165,0
DA:166,0
DA:167,0
DA:168,0
DA:169,0
DA:170,0
DA:171,0
DA:172,0
DA:173,0
DA:174,1
LF:174
LH:17
BRF:0
BRH:0
end_of_record
TN:
SF:middleware\auth.js
FN:7,verifyToken
FNF:1
FNH:1
FNDA:39,verifyToken
DA:1,1
DA:2,1
DA:3,1
DA:4,1
DA:5,1
DA:6,1
DA:7,1
DA:8,39
DA:9,39
DA:10,39
DA:11,15
DA:12,15
DA:13,39
DA:14,39
DA:15,39
DA:16,39
DA:17,0
DA:18,0
DA:19,24
DA:20,24
DA:21,1
DA:22,1
LF:22
LH:20
BRDA:7,0,0,39
BRDA:10,1,0,15
BRDA:13,2,0,24
BRDA:16,3,0,0
BRDA:19,4,0,24
BRF:5
BRH:4
end_of_record
TN:
SF:models\index.js
FNF:0
FNH:0
DA:1,1
DA:2,1
DA:3,1
DA:4,1
DA:5,1
DA:6,1
DA:7,1
DA:8,1
DA:9,1
DA:10,1
DA:11,1
DA:12,1
DA:13,1
DA:14,1
DA:15,0
DA:16,1
DA:17,1
DA:18,1
DA:19,1
DA:20,1
DA:21,1
DA:22,20
DA:23,20
DA:24,1
DA:25,16
DA:26,16
DA:27,16
DA:28,1
DA:29,1
DA:30,16
DA:31,16
DA:32,16
DA:33,16
DA:34,1
DA:35,1
DA:36,1
DA:37,1
DA:38,1
LF:38
LH:37
BRDA:9,0,0,0
BRDA:14,1,0,0
BRDA:21,2,0,20
BRDA:22,3,0,16
BRDA:24,4,0,16
BRDA:29,5,0,16
BRF:6
BRH:4
end_of_record
TN:
SF:models\user_game.js
FN:6,Object.<anonymous>.module.exports
FN:13,associate
FN:31,isUnique
FN:52,isUnique
FNF:4
FNH:4
FNDA:4,Object.<anonymous>.module.exports
FNDA:4,associate
FNDA:12,isUnique
FNDA:12,isUnique
DA:1,1
DA:2,1
DA:3,1
DA:4,1
DA:5,1
DA:6,1
DA:7,4
DA:8,4
DA:9,4
DA:10,4
DA:11,4
DA:12,4
DA:13,4
DA:14,4
DA:15,4
DA:16,4
DA:17,4
DA:18,4
DA:19,4
DA:20,4
DA:21,4
DA:22,4
DA:23,4
DA:24,4
DA:25,4
DA:26,4
DA:27,4
DA:28,4
DA:29,4
DA:30,4
DA:31,4
DA:32,12
DA:33,12
DA:34,12
DA:35,12
DA:36,12
DA:37,12
DA:38,12
DA:39,12
DA:40,12
DA:41,12
DA:42,4
DA:43,4
DA:44,4
DA:45,4
DA:46,4
DA:47,4
DA:48,4
DA:49,4
DA:50,4
DA:51,4
DA:52,4
DA:53,12
DA:54,12
DA:55,12
DA:56,12
DA:57,12
DA:58,12
DA:59,12
DA:60,12
DA:61,12
DA:62,12
DA:63,4
DA:64,4
DA:65,4
DA:66,4
DA:67,4
DA:68,4
DA:69,4
DA:70,4
DA:71,4
DA:72,4
DA:73,4
DA:74,4
DA:75,4
DA:76,4
DA:77,4
DA:78,4
DA:79,4
DA:80,4
DA:81,4
DA:82,4
DA:83,4
DA:84,4
DA:85,4
DA:86,4
DA:87,4
DA:88,4
DA:89,4
DA:90,4
DA:91,4
DA:92,4
DA:93,4
DA:94,4
DA:95,4
DA:96,4
DA:97,4
DA:98,4
DA:99,4
DA:100,4
DA:101,4
DA:102,4
DA:103,4
DA:104,4
DA:105,4
DA:106,4
LF:106
LH:106
BRDA:6,0,0,4
BRDA:13,1,0,4
BRDA:31,2,0,12
BRDA:36,3,0,12
BRDA:37,4,0,2
BRDA:52,5,0,12
BRDA:57,6,0,12
BRDA:58,7,0,2
BRF:8
BRH:8
end_of_record
TN:
SF:models\user_game_biodata.js
FN:5,Object.<anonymous>.module.exports
FN:12,associate
FN:74,isUnique
FNF:3
FNH:3
FNDA:4,Object.<anonymous>.module.exports
FNDA:4,associate
FNDA:3,isUnique
DA:1,1
DA:2,1
DA:3,1
DA:4,1
DA:5,1
DA:6,4
DA:7,4
DA:8,4
DA:9,4
DA:10,4
DA:11,4
DA:12,4
DA:13,4
DA:14,4
DA:15,4
DA:16,4
DA:17,4
DA:18,4
DA:19,4
DA:20,4
DA:21,4
DA:22,4
DA:23,4
DA:24,4
DA:25,4
DA:26,4
DA:27,4
DA:28,4
DA:29,4
DA:30,4
DA:31,4
DA:32,4
DA:33,4
DA:34,4
DA:35,4
DA:36,4
DA:37,4
DA:38,4
DA:39,4
DA:40,4
DA:41,4
DA:42,4
DA:43,4
DA:44,4
DA:45,4
DA:46,4
DA:47,4
DA:48,4
DA:49,4
DA:50,4
DA:51,4
DA:52,4
DA:53,4
DA:54,4
DA:55,4
DA:56,4
DA:57,4
DA:58,4
DA:59,4
DA:60,4
DA:61,4
DA:62,4
DA:63,4
DA:64,4
DA:65,4
DA:66,4
DA:67,4
DA:68,4
DA:69,4
DA:70,4
DA:71,4
DA:72,4
DA:73,4
DA:74,4
DA:75,3
DA:76,3
DA:77,3
DA:78,3
DA:79,3
DA:80,3
DA:81,3
DA:82,3
DA:83,3
DA:84,3
DA:85,4
DA:86,4
DA:87,4
DA:88,4
DA:89,4
DA:90,4
DA:91,4
DA:92,4
DA:93,4
DA:94,4
DA:95,4
DA:96,4
DA:97,4
DA:98,4
LF:98
LH:98
BRDA:5,0,0,4
BRDA:12,1,0,4
BRDA:74,2,0,3
BRDA:79,3,0,3
BRDA:80,4,0,1
BRF:5
BRH:5
end_of_record
TN:
SF:models\user_game_history.js
FN:5,Object.<anonymous>.module.exports
FN:12,associate
FNF:2
FNH:2
FNDA:4,Object.<anonymous>.module.exports
FNDA:4,associate
DA:1,1
DA:2,1
DA:3,1
DA:4,1
DA:5,1
DA:6,4
DA:7,4
DA:8,4
DA:9,4
DA:10,4
DA:11,4
DA:12,4
DA:13,4
DA:14,4
DA:15,4
DA:16,4
DA:17,4
DA:18,4
DA:19,4
DA:20,4
DA:21,4
DA:22,4
DA:23,4
DA:24,4
DA:25,4
DA:26,4
DA:27,4
DA:28,4
DA:29,4
DA:30,4
DA:31,4
DA:32,4
DA:33,4
DA:34,4
DA:35,4
DA:36,4
DA:37,4
DA:38,4
DA:39,4
DA:40,4
DA:41,4
DA:42,4
DA:43,4
DA:44,4
DA:45,4
DA:46,4
DA:47,4
DA:48,4
DA:49,4
DA:50,4
DA:51,4
DA:52,4
DA:53,4
DA:54,4
DA:55,4
DA:56,4
DA:57,4
DA:58,4
DA:59,4
DA:60,4
DA:61,4
DA:62,4
DA:63,4
DA:64,4
LF:64
LH:64
BRDA:5,0,0,4
BRDA:12,1,0,4
BRF:2
BRH:2
end_of_record
TN:
SF:models\user_role.js
FN:5,Object.<anonymous>.module.exports
FN:12,associate
FNF:2
FNH:2
FNDA:4,Object.<anonymous>.module.exports
FNDA:4,associate
DA:1,1
DA:2,1
DA:3,1
DA:4,1
DA:5,1
DA:6,4
DA:7,4
DA:8,4
DA:9,4
DA:10,4
DA:11,4
DA:12,4
DA:13,4
DA:14,4
DA:15,4
DA:16,4
DA:17,4
DA:18,4
DA:19,4
DA:20,4
DA:21,4
DA:22,4
DA:23,4
DA:24,4
DA:25,4
DA:26,4
DA:27,4
DA:28,4
DA:29,4
DA:30,4
DA:31,4
DA:32,4
DA:33,4
DA:34,4
DA:35,4
DA:36,4
DA:37,4
LF:37
LH:37
BRDA:5,0,0,4
BRDA:12,1,0,4
BRF:2
BRH:2
end_of_record
TN:
SF:router\index.js
FN:11,filename
FN:17,fileFilter
FN:29,filename
FN:35,fileFilter
FN:112,AuthorizationAdminApi
FN:119,AuthorizationUserGameBiodataApi
FN:126,checkAlreadyExistBiodataApi
FN:205,checkAuthenticated
FN:213,checkNotAuthenticated
FN:220,UserGameAuthorizationAdminViews
FN:227,UserGameBiodataAuthorizationAdminViews
FN:234,UserGameHistoryAuthorizationAdminViews
FN:241,UserGameAuthorizationUserViews
FN:248,UserGameBiodataAuthorizationUserViews
FN:255,checkAlreadyExistBiodataViews
FN:269,UserGameHistoryAuthorizationUserViews
FNF:16
FNH:1
FNDA:0,filename
FNDA:0,fileFilter
FNDA:0,filename
FNDA:0,fileFilter
FNDA:15,AuthorizationAdminApi
FNDA:0,AuthorizationUserGameBiodataApi
FNDA:0,checkAlreadyExistBiodataApi
FNDA:0,checkAuthenticated
FNDA:0,checkNotAuthenticated
FNDA:0,UserGameAuthorizationAdminViews
FNDA:0,UserGameBiodataAuthorizationAdminViews
FNDA:0,UserGameHistoryAuthorizationAdminViews
FNDA:0,UserGameAuthorizationUserViews
FNDA:0,UserGameBiodataAuthorizationUserViews
FNDA:0,checkAlreadyExistBiodataViews
FNDA:0,UserGameHistoryAuthorizationUserViews
DA:1,1
DA:2,1
DA:3,1
DA:4,1
DA:5,1
DA:6,1
DA:7,1
DA:8,1
DA:9,1
DA:10,1
DA:11,1
DA:12,0
DA:13,0
DA:14,1
DA:15,1
DA:16,1
DA:17,1
DA:18,0
DA:19,0
DA:20,0
DA:21,0
DA:22,0
DA:23,0
DA:24,0
DA:25,1
DA:26,1
DA:27,1
DA:28,1
DA:29,1
DA:30,0
DA:31,0
DA:32,1
DA:33,1
DA:34,1
DA:35,1
DA:36,0
DA:37,0
DA:38,0
DA:39,0
DA:40,0
DA:41,0
DA:42,0
DA:43,1
DA:44,1
DA:45,1
DA:46,1
DA:47,1
DA:48,1
DA:49,1
DA:50,1
DA:51,1
DA:52,1
DA:53,1
DA:54,1
DA:55,1
DA:56,1
DA:57,1
DA:58,1
DA:59,1
DA:60,1
DA:61,1
DA:62,1
DA:63,1
DA:64,1
DA:65,1
DA:66,1
DA:67,1
DA:68,1
DA:69,1
DA:70,1
DA:71,1
DA:72,1
DA:73,1
DA:74,1
DA:75,1
DA:76,1
DA:77,1
DA:78,1
DA:79,1
DA:80,1
DA:81,1
DA:82,1
DA:83,1
DA:84,1
DA:85,1
DA:86,1
DA:87,1
DA:88,1
DA:89,1
DA:90,1
DA:91,1
DA:92,1
DA:93,1
DA:94,1
DA:95,1
DA:96,1
DA:97,1
DA:98,1
DA:99,1
DA:100,1
DA:101,1
DA:102,1
DA:103,1
DA:104,1
DA:105,1
DA:106,1
DA:107,1
DA:108,1
DA:109,1
DA:110,1
DA:111,1
DA:112,15
DA:113,15
DA:114,15
DA:115,15
DA:116,0
DA:117,0
DA:118,1
DA:119,0
DA:120,0
DA:121,0
DA:122,0
DA:123,0
DA:124,0
DA:125,1
DA:126,0
DA:127,0
DA:128,0
DA:129,0
DA:130,0
DA:131,0
DA:132,0
DA:133,0
DA:134,0
DA:135,0
DA:136,0
DA:137,0
DA:138,0
DA:139,1
DA:140,1
DA:141,1
DA:142,1
DA:143,1
DA:144,1
DA:145,1
DA:146,1
DA:147,1
DA:148,1
DA:149,1
DA:150,1
DA:151,1
DA:152,1
DA:153,0
DA:154,0
DA:155,1
DA:156,1
DA:157,1
DA:158,1
DA:159,1
DA:160,1
DA:161,1
DA:162,1
DA:163,0
DA:164,0
DA:165,1
DA:166,1
DA:167,1
DA:168,1
DA:169,1
DA:170,1
DA:171,1
DA:172,1
DA:173,1
DA:174,1
DA:175,1
DA:176,1
DA:177,1
DA:178,1
DA:179,0
DA:180,0
DA:181,1
DA:182,1
DA:183,1
DA:184,1
DA:185,1
DA:186,1
DA:187,1
DA:188,1
DA:189,1
DA:190,1
DA:191,1
DA:192,1
DA:193,1
DA:194,1
DA:195,1
DA:196,1
DA:197,1
DA:198,1
DA:199,1
DA:200,1
DA:201,1
DA:202,1
DA:203,1
DA:204,1
DA:205,0
DA:206,0
DA:207,0
DA:208,0
DA:209,0
DA:210,0
DA:211,0
DA:212,1
DA:213,0
DA:214,0
DA:215,0
DA:216,0
DA:217,0
DA:218,0
DA:219,1
DA:220,0
DA:221,0
DA:222,0
DA:223,0
DA:224,0
DA:225,0
DA:226,1
DA:227,0
DA:228,0
DA:229,0
DA:230,0
DA:231,0
DA:232,0
DA:233,1
DA:234,0
DA:235,0
DA:236,0
DA:237,0
DA:238,0
DA:239,0
DA:240,1
DA:241,0
DA:242,0
DA:243,0
DA:244,0
DA:245,0
DA:246,0
DA:247,1
DA:248,0
DA:249,0
DA:250,0
DA:251,0
DA:252,0
DA:253,0
DA:254,1
DA:255,0
DA:256,0
DA:257,0
DA:258,0
DA:259,0
DA:260,0
DA:261,0
DA:262,0
DA:263,0
DA:264,0
DA:265,0
DA:266,0
DA:267,0
DA:268,1
DA:269,0
DA:270,0
DA:271,0
DA:272,0
DA:273,0
DA:274,0
DA:275,1
DA:276,1
DA:277,1
DA:278,1
DA:279,1
DA:280,1
DA:281,1
DA:282,0
DA:283,0
DA:284,1
DA:285,0
DA:286,0
DA:287,1
DA:288,1
DA:289,1
DA:290,1
DA:291,1
DA:292,1
DA:293,1
DA:294,1
DA:295,1
DA:296,1
DA:297,1
DA:298,1
DA:299,1
DA:300,1
DA:301,1
DA:302,1
DA:303,1
DA:304,1
DA:305,1
DA:306,1
DA:307,1
DA:308,1
DA:309,1
DA:310,1
DA:311,1
DA:312,1
DA:313,1
DA:314,0
DA:315,0
DA:316,1
DA:317,1
DA:318,1
DA:319,1
DA:320,1
DA:321,1
DA:322,1
DA:323,1
DA:324,1
DA:325,1
DA:326,1
DA:327,1
DA:328,1
DA:329,1
DA:330,1
DA:331,1
DA:332,1
DA:333,1
DA:334,1
DA:335,0
DA:336,0
DA:337,1
DA:338,1
DA:339,1
DA:340,1
DA:341,1
DA:342,1
DA:343,1
DA:344,1
DA:345,1
DA:346,1
DA:347,1
DA:348,1
DA:349,0
DA:350,0
DA:351,1
DA:352,1
DA:353,0
DA:354,0
DA:355,0
DA:356,1
DA:357,1
DA:358,0
DA:359,0
DA:360,1
DA:361,1
LF:361
LH:239
BRDA:112,0,0,15
BRDA:116,1,0,0
BRF:2
BRH:1
end_of_record
